Using pre-set license
Built from '2020.3/staging' branch; Version is '2020.3.9f1 (108be757e447) revision 1084391'; Using compiler version '192528614'; Build Type 'Release'
OS: 'Windows 10 Enterprise; OS build 18363.1256; Version 1909; 64bit' Language: 'en' Physical Memory: 16326 MB
BatchMode: 1, IsHumanControllingUs: 0, StartBugReporterOnCrash: 0, Is64bit: 1, IsPro: 0

 COMMAND LINE ARGUMENTS:
C:\Program Files\Unity\Hub\Editor\2020.3.9f1\Editor\Unity.exe
-adb2
-batchMode
-noUpm
-name
AssetImportWorker0
-projectPath
J:/PROJECTS/Unity_Apps_Old/SpaceInvaders
-logFile
Logs/AssetImportWorker0.log
-srvPort
51732
Successfully changed project path to: J:/PROJECTS/Unity_Apps_Old/SpaceInvaders
J:/PROJECTS/Unity_Apps_Old/SpaceInvaders
Using Asset Import Pipeline V2.
Refreshing native plugins compatible for Editor in 40.86 ms, found 0 plugins.
Preloading 0 native plugins for Editor in 0.00 ms.
Initialize engine version: 2020.3.9f1 (108be757e447)
[Subsystems] Discovering subsystems at path C:/Program Files/Unity/Hub/Editor/2020.3.9f1/Editor/Data/Resources/UnitySubsystems
[Subsystems] Discovering subsystems at path J:/PROJECTS/Unity_Apps_Old/SpaceInvaders/Assets
GfxDevice: creating device client; threaded=0
Direct3D:
    Version:  Direct3D 11.0 [level 11.1]
    Renderer: NVIDIA GeForce GTX 1060 6GB (ID=0x1c03)
    Vendor:   
    VRAM:     6052 MB
    Driver:   30.0.14.7141
Initialize mono
Mono path[0] = 'C:/Program Files/Unity/Hub/Editor/2020.3.9f1/Editor/Data/Managed'
Mono path[1] = 'C:/Program Files/Unity/Hub/Editor/2020.3.9f1/Editor/Data/MonoBleedingEdge/lib/mono/unityjit'
Mono config path = 'C:/Program Files/Unity/Hub/Editor/2020.3.9f1/Editor/Data/MonoBleedingEdge/etc'
Using monoOptions --debugger-agent=transport=dt_socket,embedding=1,server=y,suspend=n,address=127.0.0.1:56308
Begin MonoManager ReloadAssembly
Registering precompiled unity dll's ...
Register platform support module: C:/Program Files/Unity/Hub/Editor/2020.3.9f1/Editor/Data/PlaybackEngines/WebGLSupport/UnityEditor.WebGL.Extensions.dll
Register platform support module: C:/Program Files/Unity/Hub/Editor/2020.3.9f1/Editor/Data/PlaybackEngines/WindowsStandaloneSupport/UnityEditor.WindowsStandalone.Extensions.dll
Register platform support module: C:/Program Files/Unity/Hub/Editor/2020.3.9f1/Editor/Data/PlaybackEngines/LinuxStandaloneSupport/UnityEditor.LinuxStandalone.Extensions.dll
Registered in 0.002532 seconds.
Native extension for LinuxStandalone target not found
Native extension for WindowsStandalone target not found
Native extension for WebGL target not found
Refreshing native plugins compatible for Editor in 30.13 ms, found 0 plugins.
Preloading 0 native plugins for Editor in 0.00 ms.
Mono: successfully reloaded assembly
- Completed reload, in  1.577 seconds
Platform modules already initialized, skipping
Registering precompiled user dll's ...
Registered in 0.002048 seconds.
Begin MonoManager ReloadAssembly
Native extension for LinuxStandalone target not found
Native extension for WindowsStandalone target not found
Native extension for WebGL target not found
Refreshing native plugins compatible for Editor in 0.49 ms, found 0 plugins.
Preloading 0 native plugins for Editor in 0.00 ms.
Mono: successfully reloaded assembly
- Completed reload, in  0.768 seconds
Platform modules already initialized, skipping
========================================================================
Worker process is ready to serve import requests
Launched and connected shader compiler UnityShaderCompiler.exe after 0.04 seconds
Refreshing native plugins compatible for Editor in 0.76 ms, found 0 plugins.
Preloading 0 native plugins for Editor in 0.00 ms.
Unloading 1659 Unused Serialized files (Serialized files now loaded: 0)
System memory in use before: 72.0 MB.
System memory in use after: 72.1 MB.

Unloading 49 unused Assets to reduce memory usage. Loaded Objects now: 2071.
Total: 4.674300 ms (FindLiveObjects: 0.169800 ms CreateObjectMapping: 0.048700 ms MarkObjects: 4.387800 ms  DeleteObjects: 0.067000 ms)

========================================================================
Received Import Request.
  path: Assets/Scenes/ThanksScene.unity
  artifactKey: Guid(bb44ef7bedfe8f4428de9db3eb510552) Importer(815301076,1909f56bfc062723c751e8b465ee728b)
Start importing Assets/Scenes/ThanksScene.unity using Guid(bb44ef7bedfe8f4428de9db3eb510552) Importer(815301076,1909f56bfc062723c751e8b465ee728b)  -> (artifact id: '0ccfb5916955440572317c22e2935867') in 0.010508 seconds
  Import took 0.012895 seconds .

========================================================================
Received Import Request.
  Time since last request: 0.742107 seconds.
  path: Assets/Scenes/StartingScene.unity
  artifactKey: Guid(0c00202bd362601408d5845add257e94) Importer(815301076,1909f56bfc062723c751e8b465ee728b)
Start importing Assets/Scenes/StartingScene.unity using Guid(0c00202bd362601408d5845add257e94) Importer(815301076,1909f56bfc062723c751e8b465ee728b)  -> (artifact id: '488bf252c6ac65d6602a5829cc02733d') in 0.002511 seconds
  Import took 0.004792 seconds .

========================================================================
Received Prepare
Refreshing native plugins compatible for Editor in 8.80 ms, found 0 plugins.
Preloading 0 native plugins for Editor in 0.00 ms.
Unloading 38 Unused Serialized files (Serialized files now loaded: 0)
System memory in use before: 39.8 MB.
System memory in use after: 39.9 MB.

Unloading 38 unused Assets to reduce memory usage. Loaded Objects now: 2071.
Total: 5.002100 ms (FindLiveObjects: 0.127800 ms CreateObjectMapping: 0.043700 ms MarkObjects: 4.813300 ms  DeleteObjects: 0.016500 ms)

========================================================================
Received Prepare
Registering precompiled user dll's ...
Registered in 0.002205 seconds.
Begin MonoManager ReloadAssembly
Native extension for LinuxStandalone target not found
Native extension for WindowsStandalone target not found
Native extension for WebGL target not found
Refreshing native plugins compatible for Editor in 0.50 ms, found 0 plugins.
Preloading 0 native plugins for Editor in 0.00 ms.
Mono: successfully reloaded assembly
- Completed reload, in  0.740 seconds
Platform modules already initialized, skipping
Refreshing native plugins compatible for Editor in 0.49 ms, found 0 plugins.
Preloading 0 native plugins for Editor in 0.00 ms.
Unloading 1661 Unused Serialized files (Serialized files now loaded: 0)
System memory in use before: 72.2 MB.
System memory in use after: 72.3 MB.

Unloading 40 unused Assets to reduce memory usage. Loaded Objects now: 2082.
Total: 5.062600 ms (FindLiveObjects: 0.133600 ms CreateObjectMapping: 0.044400 ms MarkObjects: 4.859100 ms  DeleteObjects: 0.023900 ms)

========================================================================
Received Import Request.
  Time since last request: 102.286654 seconds.
  path: Assets/MainAssets/Images/MainImages/aestroid_brown.png
  artifactKey: Guid(0cee9c65806fbd846b708dcad0b8a126) Importer(815301076,1909f56bfc062723c751e8b465ee728b)
Start importing Assets/MainAssets/Images/MainImages/aestroid_brown.png using Guid(0cee9c65806fbd846b708dcad0b8a126) Importer(815301076,1909f56bfc062723c751e8b465ee728b)  -> (artifact id: '1c4197bdcd610acc7ab52aed4cbebde2') in 0.123354 seconds
  Import took 0.125706 seconds .

========================================================================
Received Import Request.
  Time since last request: 0.000287 seconds.
  path: Assets/MainAssets/Images/MainImages/Projectile04.png
  artifactKey: Guid(e232db0abf6b71940a1fae13d1727242) Importer(815301076,1909f56bfc062723c751e8b465ee728b)
Start importing Assets/MainAssets/Images/MainImages/Projectile04.png using Guid(e232db0abf6b71940a1fae13d1727242) Importer(815301076,1909f56bfc062723c751e8b465ee728b)  -> (artifact id: '4b3074691f0489169d233369d5d4c884') in 0.009081 seconds
  Import took 0.011295 seconds .

========================================================================
Received Import Request.
  Time since last request: 0.000233 seconds.
  path: Assets/MainAssets/Images/MainImages/aestroid_dark.png
  artifactKey: Guid(aa23484b63d263d43880ef8ab70d5753) Importer(815301076,1909f56bfc062723c751e8b465ee728b)
Start importing Assets/MainAssets/Images/MainImages/aestroid_dark.png using Guid(aa23484b63d263d43880ef8ab70d5753) Importer(815301076,1909f56bfc062723c751e8b465ee728b)  -> (artifact id: 'c09693f21a80e715f1b8fd4be0dc45aa') in 0.007495 seconds
  Import took 0.009702 seconds .

========================================================================
Received Import Request.
  Time since last request: 0.000237 seconds.
  path: Assets/MainAssets/Images/MainImages/Explosion.png
  artifactKey: Guid(c8260d15cb31d3d49a251f7cdb4d1777) Importer(815301076,1909f56bfc062723c751e8b465ee728b)
Start importing Assets/MainAssets/Images/MainImages/Explosion.png using Guid(c8260d15cb31d3d49a251f7cdb4d1777) Importer(815301076,1909f56bfc062723c751e8b465ee728b)  -> (artifact id: 'bf9202b2f289edb512813475f1cdb68c') in 0.019380 seconds
  Import took 0.022091 seconds .

========================================================================
Received Import Request.
  Time since last request: 0.000220 seconds.
  path: Assets/MainAssets/Images/MainImages/ResistanceShip01.png
  artifactKey: Guid(c7e5f9f56bb3a6443a3bce7aacf933c8) Importer(815301076,1909f56bfc062723c751e8b465ee728b)
Start importing Assets/MainAssets/Images/MainImages/ResistanceShip01.png using Guid(c7e5f9f56bb3a6443a3bce7aacf933c8) Importer(815301076,1909f56bfc062723c751e8b465ee728b)  -> (artifact id: 'a8e2a7d9f928bb9d2827b5a5307c0813') in 0.009494 seconds
  Import took 0.011819 seconds .

========================================================================
Received Import Request.
  Time since last request: 0.000286 seconds.
  path: Assets/MainAssets/Images/MainImages/Sound_BTN.png
  artifactKey: Guid(c84786b75b2b74c49842d8bb6fd4f9a6) Importer(815301076,1909f56bfc062723c751e8b465ee728b)
Start importing Assets/MainAssets/Images/MainImages/Sound_BTN.png using Guid(c84786b75b2b74c49842d8bb6fd4f9a6) Importer(815301076,1909f56bfc062723c751e8b465ee728b)  -> (artifact id: '4a93609b306d9973523d933e2446c03e') in 0.008987 seconds
  Import took 0.011093 seconds .

========================================================================
Received Import Request.
  Time since last request: 0.000220 seconds.
  path: Assets/MainAssets/Images/Backgrounds/Nebula Aqua-Pink.png
  artifactKey: Guid(68300db4a9f846a4292ac4a5ca747251) Importer(815301076,1909f56bfc062723c751e8b465ee728b)
Start importing Assets/MainAssets/Images/Backgrounds/Nebula Aqua-Pink.png using Guid(68300db4a9f846a4292ac4a5ca747251) Importer(815301076,1909f56bfc062723c751e8b465ee728b)  -> (artifact id: '3f919a1c15a14775a0490027fd72850e') in 0.014449 seconds
  Import took 0.016614 seconds .

========================================================================
Received Import Request.
  Time since last request: 0.000305 seconds.
  path: Assets/MainAssets/Images/MainImages/Shield01.png
  artifactKey: Guid(a1c1ab213c78a934a9d1b61fd1fcc7a8) Importer(815301076,1909f56bfc062723c751e8b465ee728b)
Start importing Assets/MainAssets/Images/MainImages/Shield01.png using Guid(a1c1ab213c78a934a9d1b61fd1fcc7a8) Importer(815301076,1909f56bfc062723c751e8b465ee728b)  -> (artifact id: 'ded57e148a65a908df0cd32f3c0b91e7') in 0.009558 seconds
  Import took 0.011684 seconds .

========================================================================
Received Import Request.
  Time since last request: 0.000194 seconds.
  path: Assets/MainAssets/Images/MainImages/Armor_Bonus.png
  artifactKey: Guid(6fce2fb73aafef34fa4456f2a7f6e04a) Importer(815301076,1909f56bfc062723c751e8b465ee728b)
Start importing Assets/MainAssets/Images/MainImages/Armor_Bonus.png using Guid(6fce2fb73aafef34fa4456f2a7f6e04a) Importer(815301076,1909f56bfc062723c751e8b465ee728b)  -> (artifact id: 'f4c023fcb77541cdac4f538524ad651e') in 0.011365 seconds
  Import took 0.013997 seconds .

========================================================================
Received Import Request.
  Time since last request: 0.000299 seconds.
  path: Assets/MainAssets/Images/MainImages/MegaLaser.png
  artifactKey: Guid(78d2073a5a3ace9438072b16acc0a3a4) Importer(815301076,1909f56bfc062723c751e8b465ee728b)
Start importing Assets/MainAssets/Images/MainImages/MegaLaser.png using Guid(78d2073a5a3ace9438072b16acc0a3a4) Importer(815301076,1909f56bfc062723c751e8b465ee728b)  -> (artifact id: '6b527d357d46ee478c3424fcd3bacb3c') in 0.009799 seconds
  Import took 0.012136 seconds .

========================================================================
Received Import Request.
  Time since last request: 0.000225 seconds.
  path: Assets/MainAssets/Images/MainImages/Boss_HP_Table.png
  artifactKey: Guid(c85a8066a8f3eb346bb46bb1ef3db642) Importer(815301076,1909f56bfc062723c751e8b465ee728b)
Start importing Assets/MainAssets/Images/MainImages/Boss_HP_Table.png using Guid(c85a8066a8f3eb346bb46bb1ef3db642) Importer(815301076,1909f56bfc062723c751e8b465ee728b)  -> (artifact id: '2fc9971dadd07893d99eaeba39609326') in 0.007133 seconds
  Import took 0.009813 seconds .

========================================================================
Received Import Request.
  Time since last request: 0.000246 seconds.
  path: Packages/com.unity.purchasing/Icons/LinkBlack.png
  artifactKey: Guid(33d3dd2c39dfd49a3b2d36b20225624a) Importer(815301076,1909f56bfc062723c751e8b465ee728b)
Start importing Packages/com.unity.purchasing/Icons/LinkBlack.png using Guid(33d3dd2c39dfd49a3b2d36b20225624a) Importer(815301076,1909f56bfc062723c751e8b465ee728b)  -> (artifact id: '6773dec06f9e18e47b3cedf3d6d1ab34') in 0.006901 seconds
  Import took 0.009362 seconds .

========================================================================
Received Import Request.
  Time since last request: 0.000229 seconds.
  path: Assets/MainAssets/Images/Backgrounds/Nebula Red.png
  artifactKey: Guid(674956efdbf931b45acb3623f8d33233) Importer(815301076,1909f56bfc062723c751e8b465ee728b)
Start importing Assets/MainAssets/Images/Backgrounds/Nebula Red.png using Guid(674956efdbf931b45acb3623f8d33233) Importer(815301076,1909f56bfc062723c751e8b465ee728b)  -> (artifact id: 'fa28c352072c0eadd8200a0b685f1aad') in 0.015758 seconds
  Import took 0.019295 seconds .

========================================================================
Received Import Request.
  Time since last request: 0.000293 seconds.
  path: Assets/MainAssets/Images/MainImages/Shop_BTN.png
  artifactKey: Guid(c6f22728454489445a24b84b27589d45) Importer(815301076,1909f56bfc062723c751e8b465ee728b)
Start importing Assets/MainAssets/Images/MainImages/Shop_BTN.png using Guid(c6f22728454489445a24b84b27589d45) Importer(815301076,1909f56bfc062723c751e8b465ee728b)  -> (artifact id: 'bc1db9a99994d97c9ef9d822a3e087ee') in 0.012871 seconds
  Import took 0.016801 seconds .

========================================================================
Received Import Request.
  Time since last request: 0.000272 seconds.
  path: Assets/MainAssets/Images/MainImages/Projectile01.png
  artifactKey: Guid(e13c25e121b4e2c498f9ecac324e28ac) Importer(815301076,1909f56bfc062723c751e8b465ee728b)
Start importing Assets/MainAssets/Images/MainImages/Projectile01.png using Guid(e13c25e121b4e2c498f9ecac324e28ac) Importer(815301076,1909f56bfc062723c751e8b465ee728b)  -> (artifact id: 'c0976062c9b7657f7fba8256ec8815aa') in 0.014345 seconds
  Import took 0.019046 seconds .

========================================================================
Received Import Request.
  Time since last request: 0.000275 seconds.
  path: Assets/MainAssets/Images/MainImages/ResistanceShip03.png
  artifactKey: Guid(114b52ac5b89f554a95934174591b810) Importer(815301076,1909f56bfc062723c751e8b465ee728b)
Start importing Assets/MainAssets/Images/MainImages/ResistanceShip03.png using Guid(114b52ac5b89f554a95934174591b810) Importer(815301076,1909f56bfc062723c751e8b465ee728b)  -> (artifact id: 'b6970a06d64dddf35d9bf2bd6692fa05') in 0.010478 seconds
  Import took 0.014437 seconds .

========================================================================
Received Import Request.
  Time since last request: 0.000315 seconds.
  path: Assets/MainAssets/Images/MainImages/lock.png
  artifactKey: Guid(adfefca002e8f114392ce9d3036197ae) Importer(815301076,1909f56bfc062723c751e8b465ee728b)
Start importing Assets/MainAssets/Images/MainImages/lock.png using Guid(adfefca002e8f114392ce9d3036197ae) Importer(815301076,1909f56bfc062723c751e8b465ee728b)  -> (artifact id: '3e2bd108b4012c26055a4d6e0633b3d8') in 0.013919 seconds
  Import took 0.016589 seconds .

========================================================================
Received Import Request.
  Time since last request: 0.000225 seconds.
  path: Assets/MainAssets/Images/MainImages/AllianceShip02.png
  artifactKey: Guid(0ea72d0f84a920d48a8e405e63a16bab) Importer(815301076,1909f56bfc062723c751e8b465ee728b)
Start importing Assets/MainAssets/Images/MainImages/AllianceShip02.png using Guid(0ea72d0f84a920d48a8e405e63a16bab) Importer(815301076,1909f56bfc062723c751e8b465ee728b)  -> (artifact id: 'ed01a5e9f63f8b2f2b03b1ac0bc97dd2') in 0.012304 seconds
  Import took 0.014715 seconds .

========================================================================
Received Import Request.
  Time since last request: 0.000213 seconds.
  path: Assets/MainAssets/Images/MainImages/Bonus_BTN_01.png
  artifactKey: Guid(c857254e4843be846a419abfb925e1e3) Importer(815301076,1909f56bfc062723c751e8b465ee728b)
Start importing Assets/MainAssets/Images/MainImages/Bonus_BTN_01.png using Guid(c857254e4843be846a419abfb925e1e3) Importer(815301076,1909f56bfc062723c751e8b465ee728b)  -> (artifact id: '4af9b0c2cb9b140299d7d3a20abd4020') in 0.011672 seconds
  Import took 0.014285 seconds .

========================================================================
Received Import Request.
  Time since last request: 0.000233 seconds.
  path: Assets/MainAssets/Font/ethnocentric rg.ttf
  artifactKey: Guid(8612d2150bfc09e4e9239143cfee5472) Importer(815301076,1909f56bfc062723c751e8b465ee728b)
Start importing Assets/MainAssets/Font/ethnocentric rg.ttf using Guid(8612d2150bfc09e4e9239143cfee5472) Importer(815301076,1909f56bfc062723c751e8b465ee728b)  -> (artifact id: 'a00cd89f51dc8b7005252bb599518a1c') in 0.046732 seconds
  Import took 0.049758 seconds .

========================================================================
Received Import Request.
  Time since last request: 0.000199 seconds.
  path: Assets/MainAssets/Images/MainImages/Backward_BTN.png
  artifactKey: Guid(c3ca40d8439f0e14d9b68545a85f56cc) Importer(815301076,1909f56bfc062723c751e8b465ee728b)
Start importing Assets/MainAssets/Images/MainImages/Backward_BTN.png using Guid(c3ca40d8439f0e14d9b68545a85f56cc) Importer(815301076,1909f56bfc062723c751e8b465ee728b)  -> (artifact id: '4039feeccf56601e8fd4ef02611d061d') in 0.009440 seconds
  Import took 0.011696 seconds .

========================================================================
Received Import Request.
  Time since last request: 0.000192 seconds.
  path: Assets/MainAssets/Images/MainImages/Sound_BTN 1.png
  artifactKey: Guid(8bb6adac37f058b44b06a77feb2e1096) Importer(815301076,1909f56bfc062723c751e8b465ee728b)
Start importing Assets/MainAssets/Images/MainImages/Sound_BTN 1.png using Guid(8bb6adac37f058b44b06a77feb2e1096) Importer(815301076,1909f56bfc062723c751e8b465ee728b)  -> (artifact id: 'ef6ffba5a844494baa0a85dfe30c0417') in 0.007679 seconds
  Import took 0.009915 seconds .

========================================================================
Received Import Request.
  Time since last request: 0.000206 seconds.
  path: Assets/MainAssets/Images/MainImages/AllianceShip01.png
  artifactKey: Guid(2ef0b9a79af51b34aac4f0f1c32ff5ec) Importer(815301076,1909f56bfc062723c751e8b465ee728b)
Start importing Assets/MainAssets/Images/MainImages/AllianceShip01.png using Guid(2ef0b9a79af51b34aac4f0f1c32ff5ec) Importer(815301076,1909f56bfc062723c751e8b465ee728b)  -> (artifact id: '95676216c4332d10c8b6cddf53912b8f') in 0.009790 seconds
  Import took 0.012261 seconds .

========================================================================
Received Import Request.
  Time since last request: 0.000227 seconds.
  path: Assets/MainAssets/Images/MainImages/HP_Icon.png
  artifactKey: Guid(fdf3178438b87ce4ebb3379ceca6c1c5) Importer(815301076,1909f56bfc062723c751e8b465ee728b)
Start importing Assets/MainAssets/Images/MainImages/HP_Icon.png using Guid(fdf3178438b87ce4ebb3379ceca6c1c5) Importer(815301076,1909f56bfc062723c751e8b465ee728b)  -> (artifact id: 'e5ef79b1ef68e05b4329f2162b76f70a') in 0.009806 seconds
  Import took 0.012407 seconds .

========================================================================
Received Import Request.
  Time since last request: 0.000192 seconds.
  path: Assets/MainAssets/Images/MainImages/aestroid_brown.png
  artifactKey: Guid(0cee9c65806fbd846b708dcad0b8a126) Importer(815301076,1909f56bfc062723c751e8b465ee728b)
Start importing Assets/MainAssets/Images/MainImages/aestroid_brown.png using Guid(0cee9c65806fbd846b708dcad0b8a126) Importer(815301076,1909f56bfc062723c751e8b465ee728b)  -> (artifact id: '1c4197bdcd610acc7ab52aed4cbebde2') in 0.007280 seconds
  Import took 0.009642 seconds .

========================================================================
Received Import Request.
  Time since last request: 0.000201 seconds.
  path: Assets/MainAssets/Images/MainImages/Loading_Bar_2_2.png
  artifactKey: Guid(670e612363639104e8c3cf62d5e036dd) Importer(815301076,1909f56bfc062723c751e8b465ee728b)
Start importing Assets/MainAssets/Images/MainImages/Loading_Bar_2_2.png using Guid(670e612363639104e8c3cf62d5e036dd) Importer(815301076,1909f56bfc062723c751e8b465ee728b)  -> (artifact id: 'e94905b0f4d90f0b06f1869a2cc3258d') in 0.008043 seconds
  Import took 0.010504 seconds .

========================================================================
Received Import Request.
  Time since last request: 0.000219 seconds.
  path: Assets/MainAssets/Images/MainImages/Pause_BTN.png
  artifactKey: Guid(418d50639adeb624790ccedb631b92eb) Importer(815301076,1909f56bfc062723c751e8b465ee728b)
Start importing Assets/MainAssets/Images/MainImages/Pause_BTN.png using Guid(418d50639adeb624790ccedb631b92eb) Importer(815301076,1909f56bfc062723c751e8b465ee728b)  -> (artifact id: '622de81502376688795ef770fe8a5f80') in 0.008422 seconds
  Import took 0.011045 seconds .

========================================================================
Received Import Request.
  Time since last request: 0.000246 seconds.
  path: Assets/MainAssets/Images/MainImages/Close_BTN.png
  artifactKey: Guid(79aa1bfd13f47ce47bd30aa7406fe006) Importer(815301076,1909f56bfc062723c751e8b465ee728b)
Start importing Assets/MainAssets/Images/MainImages/Close_BTN.png using Guid(79aa1bfd13f47ce47bd30aa7406fe006) Importer(815301076,1909f56bfc062723c751e8b465ee728b)  -> (artifact id: '838381cea2e8042fe7cec509c65d0461') in 0.007726 seconds
  Import took 0.010311 seconds .

========================================================================
Received Import Request.
  Time since last request: 0.000203 seconds.
  path: Assets/MainAssets/Images/MainImages/Bonus_BTN_02.png
  artifactKey: Guid(b0f2b4d138e03d541b12afbef64e2ca9) Importer(815301076,1909f56bfc062723c751e8b465ee728b)
Start importing Assets/MainAssets/Images/MainImages/Bonus_BTN_02.png using Guid(b0f2b4d138e03d541b12afbef64e2ca9) Importer(815301076,1909f56bfc062723c751e8b465ee728b)  -> (artifact id: '6c119e2b6159dae3e0c032a7220a377a') in 0.011167 seconds
  Import took 0.013508 seconds .

========================================================================
Received Import Request.
  Time since last request: 0.000252 seconds.
  path: Assets/MainAssets/Images/MainImages/Projectile03.png
  artifactKey: Guid(3577b39d2ccce444599b89250f7b7bd3) Importer(815301076,1909f56bfc062723c751e8b465ee728b)
Start importing Assets/MainAssets/Images/MainImages/Projectile03.png using Guid(3577b39d2ccce444599b89250f7b7bd3) Importer(815301076,1909f56bfc062723c751e8b465ee728b)  -> (artifact id: 'ecb930aa357a833a143366c8b02a0020') in 0.009185 seconds
  Import took 0.012529 seconds .

========================================================================
Received Import Request.
  Time since last request: 0.000227 seconds.
  path: Assets/MainAssets/Images/MainImages/AllianceShip03.png
  artifactKey: Guid(366a652e7fbd00a418c65a31cc6066ff) Importer(815301076,1909f56bfc062723c751e8b465ee728b)
Start importing Assets/MainAssets/Images/MainImages/AllianceShip03.png using Guid(366a652e7fbd00a418c65a31cc6066ff) Importer(815301076,1909f56bfc062723c751e8b465ee728b)  -> (artifact id: '1f1ddec76357f843da4bd1c44d2b4829') in 0.010038 seconds
  Import took 0.013811 seconds .

========================================================================
Received Import Request.
  Time since last request: 0.000237 seconds.
  path: Assets/MainAssets/Images/MainImages/aestroid_gay_2.png
  artifactKey: Guid(a517919d35f27d942b12faf7020b0b19) Importer(815301076,1909f56bfc062723c751e8b465ee728b)
Start importing Assets/MainAssets/Images/MainImages/aestroid_gay_2.png using Guid(a517919d35f27d942b12faf7020b0b19) Importer(815301076,1909f56bfc062723c751e8b465ee728b)  -> (artifact id: 'fc95425e6d2a39f083d4e438977dca9b') in 0.017396 seconds
  Import took 0.021579 seconds .

========================================================================
Received Import Request.
  Time since last request: 0.000309 seconds.
  path: Assets/MainAssets/Images/MainImages/Flame01.png
  artifactKey: Guid(0227a84ef93cbb242b72ce28aed0cfcd) Importer(815301076,1909f56bfc062723c751e8b465ee728b)
Start importing Assets/MainAssets/Images/MainImages/Flame01.png using Guid(0227a84ef93cbb242b72ce28aed0cfcd) Importer(815301076,1909f56bfc062723c751e8b465ee728b)  -> (artifact id: '8ce5cc2a363563b177080ee9a43a5595') in 0.013237 seconds
  Import took 0.017203 seconds .

========================================================================
Received Import Request.
  Time since last request: 0.000227 seconds.
  path: Assets/MainAssets/Images/MainImages/Music_BTN.png
  artifactKey: Guid(394a239efb44097408a16a65c5669541) Importer(815301076,1909f56bfc062723c751e8b465ee728b)
Start importing Assets/MainAssets/Images/MainImages/Music_BTN.png using Guid(394a239efb44097408a16a65c5669541) Importer(815301076,1909f56bfc062723c751e8b465ee728b)  -> (artifact id: '4879178cc276e1ddd0e6e2d0186966cb') in 0.009441 seconds
  Import took 0.012315 seconds .

========================================================================
Received Import Request.
  Time since last request: 0.000216 seconds.
  path: Assets/MainAssets/Images/Backgrounds/Gods-and-Idols-2012-04-11-21-40-17-86.png
  artifactKey: Guid(65d0c9b82a631424aa1fae9ef1628dd0) Importer(815301076,1909f56bfc062723c751e8b465ee728b)
Start importing Assets/MainAssets/Images/Backgrounds/Gods-and-Idols-2012-04-11-21-40-17-86.png using Guid(65d0c9b82a631424aa1fae9ef1628dd0) Importer(815301076,1909f56bfc062723c751e8b465ee728b)  -> (artifact id: '58dda9430a47680af39a93ab089dc7df') in 0.017998 seconds
  Import took 0.020642 seconds .

========================================================================
Received Import Request.
  Time since last request: 0.000210 seconds.
  path: Assets/MainAssets/Images/MainImages/ResistanceShip02.png
  artifactKey: Guid(13e84864cccc2f24990b5fa1735b131a) Importer(815301076,1909f56bfc062723c751e8b465ee728b)
Start importing Assets/MainAssets/Images/MainImages/ResistanceShip02.png using Guid(13e84864cccc2f24990b5fa1735b131a) Importer(815301076,1909f56bfc062723c751e8b465ee728b)  -> (artifact id: '6bf0ef53d899292043493196a0730249') in 0.011358 seconds
  Import took 0.013979 seconds .

========================================================================
Received Import Request.
  Time since last request: 0.000216 seconds.
  path: Assets/MainAssets/Images/Backgrounds/Nebula Blue.png
  artifactKey: Guid(212977d07596f264c9f4f2f0678dbe6f) Importer(815301076,1909f56bfc062723c751e8b465ee728b)
Start importing Assets/MainAssets/Images/Backgrounds/Nebula Blue.png using Guid(212977d07596f264c9f4f2f0678dbe6f) Importer(815301076,1909f56bfc062723c751e8b465ee728b)  -> (artifact id: '5e8bb7ec1b19ba11c8d584d542fc5989') in 0.014904 seconds
  Import took 0.017796 seconds .

========================================================================
Received Import Request.
  Time since last request: 0.000228 seconds.
  path: Assets/MainAssets/Images/MainImages/Loading_Bar_3_3.png
  artifactKey: Guid(28f845a6a3d55de42a0807c232ae61ea) Importer(815301076,1909f56bfc062723c751e8b465ee728b)
Start importing Assets/MainAssets/Images/MainImages/Loading_Bar_3_3.png using Guid(28f845a6a3d55de42a0807c232ae61ea) Importer(815301076,1909f56bfc062723c751e8b465ee728b)  -> (artifact id: '380307e45e604553915103938a150a34') in 0.010891 seconds
  Import took 0.013669 seconds .

========================================================================
Received Import Request.
  Time since last request: 0.000197 seconds.
  path: Assets/MainAssets/Images/MainImages/Shop_Cristal_Icon_01.png
  artifactKey: Guid(d88822275440b8f409c4938d93ccf641) Importer(815301076,1909f56bfc062723c751e8b465ee728b)
Start importing Assets/MainAssets/Images/MainImages/Shop_Cristal_Icon_01.png using Guid(d88822275440b8f409c4938d93ccf641) Importer(815301076,1909f56bfc062723c751e8b465ee728b)  -> (artifact id: '6b1272ff6d2232a619715656c8d0942f') in 0.007149 seconds
  Import took 0.009422 seconds .

========================================================================
Received Import Request.
  Time since last request: 0.000210 seconds.
  path: Assets/MainAssets/Images/MainImages/Music_BTN 1.png
  artifactKey: Guid(903a667192ed7724e9a26ab4fdc8bfd1) Importer(815301076,1909f56bfc062723c751e8b465ee728b)
Start importing Assets/MainAssets/Images/MainImages/Music_BTN 1.png using Guid(903a667192ed7724e9a26ab4fdc8bfd1) Importer(815301076,1909f56bfc062723c751e8b465ee728b)  -> (artifact id: '13224484995900bcb58475e8ee29e2e5') in 0.009240 seconds
  Import took 0.011533 seconds .

========================================================================
Received Import Request.
  Time since last request: 0.000205 seconds.
  path: Packages/com.unity.purchasing/Icons/LinkWhite.png
  artifactKey: Guid(e679a29ca22bc4fa0bd848bd79a42b79) Importer(815301076,1909f56bfc062723c751e8b465ee728b)
Start importing Packages/com.unity.purchasing/Icons/LinkWhite.png using Guid(e679a29ca22bc4fa0bd848bd79a42b79) Importer(815301076,1909f56bfc062723c751e8b465ee728b)  -> (artifact id: '3ade22b1dd2736ac9bbfa7f32daf783a') in 0.007079 seconds
  Import took 0.009346 seconds .

========================================================================
Received Import Request.
  Time since last request: 0.000203 seconds.
  path: Assets/MainAssets/Images/MainImages/Loading_Bar_1_2.png
  artifactKey: Guid(df31756d67f369649b361a7ffc41c94e) Importer(815301076,1909f56bfc062723c751e8b465ee728b)
Start importing Assets/MainAssets/Images/MainImages/Loading_Bar_1_2.png using Guid(df31756d67f369649b361a7ffc41c94e) Importer(815301076,1909f56bfc062723c751e8b465ee728b)  -> (artifact id: '1a230082db8b525e9884a0490e53eeaf') in 0.005390 seconds
  Import took 0.007610 seconds .

========================================================================
Received Import Request.
  Time since last request: 0.000208 seconds.
  path: Assets/MainAssets/Images/MainImages/Flame02.png
  artifactKey: Guid(20fbf820b0f725546bf4ae28106126aa) Importer(815301076,1909f56bfc062723c751e8b465ee728b)
Start importing Assets/MainAssets/Images/MainImages/Flame02.png using Guid(20fbf820b0f725546bf4ae28106126aa) Importer(815301076,1909f56bfc062723c751e8b465ee728b)  -> (artifact id: 'f144395d6dc2db982ee1a9b008a2d14a') in 0.016932 seconds
  Import took 0.019837 seconds .

========================================================================
Received Import Request.
  Time since last request: 0.000229 seconds.
  path: Assets/MainAssets/Images/MainImages/aestroid_gray.png
  artifactKey: Guid(f59c892b9cad1f44d8cc248c79319f9c) Importer(815301076,1909f56bfc062723c751e8b465ee728b)
Start importing Assets/MainAssets/Images/MainImages/aestroid_gray.png using Guid(f59c892b9cad1f44d8cc248c79319f9c) Importer(815301076,1909f56bfc062723c751e8b465ee728b)  -> (artifact id: 'c6f3d382181c39c53fed04847989e2b2') in 0.008476 seconds
  Import took 0.010901 seconds .

========================================================================
Received Prepare
Refreshing native plugins compatible for Editor in 8.81 ms, found 0 plugins.
Preloading 0 native plugins for Editor in 0.00 ms.
Unloading 38 Unused Serialized files (Serialized files now loaded: 0)
System memory in use before: 44.2 MB.
System memory in use after: 44.3 MB.

Unloading 38 unused Assets to reduce memory usage. Loaded Objects now: 2155.
Total: 4.898600 ms (FindLiveObjects: 0.129500 ms CreateObjectMapping: 0.044300 ms MarkObjects: 4.706000 ms  DeleteObjects: 0.017800 ms)

========================================================================
Received Prepare
Refreshing native plugins compatible for Editor in 8.66 ms, found 0 plugins.
Preloading 0 native plugins for Editor in 0.00 ms.
Unloading 38 Unused Serialized files (Serialized files now loaded: 0)
System memory in use before: 44.2 MB.
System memory in use after: 44.3 MB.

Unloading 38 unused Assets to reduce memory usage. Loaded Objects now: 2155.
Total: 5.852000 ms (FindLiveObjects: 0.179300 ms CreateObjectMapping: 0.043800 ms MarkObjects: 5.605800 ms  DeleteObjects: 0.021600 ms)

========================================================================
Received Prepare
Refreshing native plugins compatible for Editor in 8.56 ms, found 0 plugins.
Preloading 0 native plugins for Editor in 0.00 ms.
Unloading 38 Unused Serialized files (Serialized files now loaded: 0)
System memory in use before: 44.2 MB.
System memory in use after: 44.3 MB.

Unloading 38 unused Assets to reduce memory usage. Loaded Objects now: 2155.
Total: 5.105500 ms (FindLiveObjects: 0.139400 ms CreateObjectMapping: 0.045300 ms MarkObjects: 4.900000 ms  DeleteObjects: 0.019500 ms)

========================================================================
Received Prepare
Refreshing native plugins compatible for Editor in 8.78 ms, found 0 plugins.
Preloading 0 native plugins for Editor in 0.00 ms.
Unloading 38 Unused Serialized files (Serialized files now loaded: 0)
System memory in use before: 44.2 MB.
System memory in use after: 44.3 MB.

Unloading 38 unused Assets to reduce memory usage. Loaded Objects now: 2155.
Total: 5.015200 ms (FindLiveObjects: 0.132200 ms CreateObjectMapping: 0.045800 ms MarkObjects: 4.821500 ms  DeleteObjects: 0.014800 ms)

========================================================================
Received Prepare
Refreshing native plugins compatible for Editor in 8.69 ms, found 0 plugins.
Preloading 0 native plugins for Editor in 0.00 ms.
Unloading 38 Unused Serialized files (Serialized files now loaded: 0)
System memory in use before: 44.2 MB.
System memory in use after: 44.4 MB.

Unloading 38 unused Assets to reduce memory usage. Loaded Objects now: 2155.
Total: 5.329700 ms (FindLiveObjects: 0.143000 ms CreateObjectMapping: 0.050700 ms MarkObjects: 5.115700 ms  DeleteObjects: 0.019300 ms)

========================================================================
Received Prepare
Refreshing native plugins compatible for Editor in 8.84 ms, found 0 plugins.
Preloading 0 native plugins for Editor in 0.00 ms.
Unloading 38 Unused Serialized files (Serialized files now loaded: 0)
System memory in use before: 44.2 MB.
System memory in use after: 44.4 MB.

Unloading 38 unused Assets to reduce memory usage. Loaded Objects now: 2155.
Total: 5.172100 ms (FindLiveObjects: 0.143200 ms CreateObjectMapping: 0.044100 ms MarkObjects: 4.961400 ms  DeleteObjects: 0.022300 ms)

========================================================================
Received Prepare
Refreshing native plugins compatible for Editor in 8.90 ms, found 0 plugins.
Preloading 0 native plugins for Editor in 0.00 ms.
Unloading 38 Unused Serialized files (Serialized files now loaded: 0)
System memory in use before: 44.2 MB.
System memory in use after: 44.4 MB.

Unloading 38 unused Assets to reduce memory usage. Loaded Objects now: 2155.
Total: 4.807000 ms (FindLiveObjects: 0.185100 ms CreateObjectMapping: 0.059600 ms MarkObjects: 4.542200 ms  DeleteObjects: 0.018900 ms)

========================================================================
Received Import Request.
  Time since last request: 701.729529 seconds.
  path: Assets/Scenes
  artifactKey: Guid(291b879675728d244889b551e9cb6b42) Importer(815301076,1909f56bfc062723c751e8b465ee728b)
Start importing Assets/Scenes using Guid(291b879675728d244889b551e9cb6b42) Importer(815301076,1909f56bfc062723c751e8b465ee728b)  -> (artifact id: '80937dd7498319878d7e679869e5a960') in 0.002450 seconds
  Import took 0.004842 seconds .

========================================================================
Received Prepare
Refreshing native plugins compatible for Editor in 8.79 ms, found 0 plugins.
Preloading 0 native plugins for Editor in 0.00 ms.
Unloading 38 Unused Serialized files (Serialized files now loaded: 0)
System memory in use before: 44.2 MB.
System memory in use after: 44.4 MB.

Unloading 38 unused Assets to reduce memory usage. Loaded Objects now: 2155.
Total: 5.574600 ms (FindLiveObjects: 0.142800 ms CreateObjectMapping: 0.041800 ms MarkObjects: 5.344000 ms  DeleteObjects: 0.045100 ms)

========================================================================
Received Prepare
Refreshing native plugins compatible for Editor in 8.71 ms, found 0 plugins.
Preloading 0 native plugins for Editor in 0.00 ms.
Unloading 38 Unused Serialized files (Serialized files now loaded: 0)
System memory in use before: 44.2 MB.
System memory in use after: 44.4 MB.

Unloading 38 unused Assets to reduce memory usage. Loaded Objects now: 2155.
Total: 4.636200 ms (FindLiveObjects: 0.138400 ms CreateObjectMapping: 0.046600 ms MarkObjects: 4.432300 ms  DeleteObjects: 0.017700 ms)

========================================================================
Received Prepare
Refreshing native plugins compatible for Editor in 8.68 ms, found 0 plugins.
Preloading 0 native plugins for Editor in 0.00 ms.
Unloading 38 Unused Serialized files (Serialized files now loaded: 0)
System memory in use before: 44.2 MB.
System memory in use after: 44.4 MB.

Unloading 38 unused Assets to reduce memory usage. Loaded Objects now: 2155.
Total: 4.747900 ms (FindLiveObjects: 0.149800 ms CreateObjectMapping: 0.051300 ms MarkObjects: 4.528500 ms  DeleteObjects: 0.017100 ms)

========================================================================
Received Prepare
Registering precompiled user dll's ...
Registered in 0.001984 seconds.
Begin MonoManager ReloadAssembly
Native extension for LinuxStandalone target not found
Native extension for WindowsStandalone target not found
Native extension for WebGL target not found
Refreshing native plugins compatible for Editor in 0.49 ms, found 0 plugins.
Preloading 0 native plugins for Editor in 0.00 ms.
Mono: successfully reloaded assembly
- Completed reload, in  0.710 seconds
Platform modules already initialized, skipping
Refreshing native plugins compatible for Editor in 0.55 ms, found 0 plugins.
Preloading 0 native plugins for Editor in 0.00 ms.
Unloading 1661 Unused Serialized files (Serialized files now loaded: 0)
System memory in use before: 75.7 MB.
System memory in use after: 75.8 MB.

Unloading 40 unused Assets to reduce memory usage. Loaded Objects now: 2158.
Total: 4.528100 ms (FindLiveObjects: 0.139100 ms CreateObjectMapping: 0.046000 ms MarkObjects: 4.321200 ms  DeleteObjects: 0.020900 ms)

========================================================================
Received Prepare
Refreshing native plugins compatible for Editor in 8.83 ms, found 0 plugins.
Preloading 0 native plugins for Editor in 0.00 ms.
Unloading 38 Unused Serialized files (Serialized files now loaded: 0)
System memory in use before: 43.6 MB.
System memory in use after: 43.7 MB.

Unloading 38 unused Assets to reduce memory usage. Loaded Objects now: 2158.
Total: 4.786300 ms (FindLiveObjects: 0.138400 ms CreateObjectMapping: 0.048800 ms MarkObjects: 4.580000 ms  DeleteObjects: 0.018200 ms)

========================================================================
Received Prepare
Registering precompiled user dll's ...
Registered in 0.001922 seconds.
Begin MonoManager ReloadAssembly
Native extension for LinuxStandalone target not found
Native extension for WindowsStandalone target not found
Native extension for WebGL target not found
Refreshing native plugins compatible for Editor in 0.49 ms, found 0 plugins.
Preloading 0 native plugins for Editor in 0.00 ms.
Mono: successfully reloaded assembly
- Completed reload, in  0.718 seconds
Platform modules already initialized, skipping
Refreshing native plugins compatible for Editor in 0.57 ms, found 0 plugins.
Preloading 0 native plugins for Editor in 0.00 ms.
Unloading 1661 Unused Serialized files (Serialized files now loaded: 0)
System memory in use before: 75.7 MB.
System memory in use after: 75.8 MB.

Unloading 40 unused Assets to reduce memory usage. Loaded Objects now: 2161.
Total: 4.540400 ms (FindLiveObjects: 0.159600 ms CreateObjectMapping: 0.049100 ms MarkObjects: 4.310600 ms  DeleteObjects: 0.019900 ms)

========================================================================
Received Prepare
Refreshing native plugins compatible for Editor in 8.64 ms, found 0 plugins.
Preloading 0 native plugins for Editor in 0.00 ms.
Unloading 38 Unused Serialized files (Serialized files now loaded: 0)
System memory in use before: 43.6 MB.
System memory in use after: 43.8 MB.

Unloading 38 unused Assets to reduce memory usage. Loaded Objects now: 2161.
Total: 4.764100 ms (FindLiveObjects: 0.162700 ms CreateObjectMapping: 0.051600 ms MarkObjects: 4.527900 ms  DeleteObjects: 0.020900 ms)

========================================================================
Received Prepare
Registering precompiled user dll's ...
Registered in 0.002007 seconds.
Begin MonoManager ReloadAssembly
Native extension for LinuxStandalone target not found
Native extension for WindowsStandalone target not found
Native extension for WebGL target not found
Refreshing native plugins compatible for Editor in 0.48 ms, found 0 plugins.
Preloading 0 native plugins for Editor in 0.00 ms.
Mono: successfully reloaded assembly
- Completed reload, in  0.739 seconds
Platform modules already initialized, skipping
Refreshing native plugins compatible for Editor in 0.54 ms, found 0 plugins.
Preloading 0 native plugins for Editor in 0.00 ms.
Unloading 1661 Unused Serialized files (Serialized files now loaded: 0)
System memory in use before: 75.7 MB.
System memory in use after: 75.9 MB.

Unloading 40 unused Assets to reduce memory usage. Loaded Objects now: 2164.
Total: 4.668500 ms (FindLiveObjects: 0.162300 ms CreateObjectMapping: 0.045100 ms MarkObjects: 4.438300 ms  DeleteObjects: 0.021500 ms)

========================================================================
Received Prepare
Registering precompiled user dll's ...
Registered in 0.002100 seconds.
Begin MonoManager ReloadAssembly
Native extension for LinuxStandalone target not found
Native extension for WindowsStandalone target not found
Native extension for WebGL target not found
Refreshing native plugins compatible for Editor in 0.51 ms, found 0 plugins.
Preloading 0 native plugins for Editor in 0.00 ms.
Mono: successfully reloaded assembly
- Completed reload, in  0.724 seconds
Platform modules already initialized, skipping
Refreshing native plugins compatible for Editor in 0.52 ms, found 0 plugins.
Preloading 0 native plugins for Editor in 0.00 ms.
Unloading 1661 Unused Serialized files (Serialized files now loaded: 0)
System memory in use before: 75.8 MB.
System memory in use after: 75.9 MB.

Unloading 40 unused Assets to reduce memory usage. Loaded Objects now: 2167.
Total: 4.410000 ms (FindLiveObjects: 0.190000 ms CreateObjectMapping: 0.054400 ms MarkObjects: 4.144600 ms  DeleteObjects: 0.019700 ms)

========================================================================
Received Prepare
Refreshing native plugins compatible for Editor in 8.80 ms, found 0 plugins.
Preloading 0 native plugins for Editor in 0.00 ms.
Unloading 38 Unused Serialized files (Serialized files now loaded: 0)
System memory in use before: 43.7 MB.
System memory in use after: 43.8 MB.

Unloading 38 unused Assets to reduce memory usage. Loaded Objects now: 2167.
Total: 5.028800 ms (FindLiveObjects: 0.158700 ms CreateObjectMapping: 0.050800 ms MarkObjects: 4.794300 ms  DeleteObjects: 0.024000 ms)

AssetImportWorkerClient::OnTransportError - code=2 error=End of file
