Using pre-set license
Built from '2020.3/staging' branch; Version is '2020.3.9f1 (108be757e447) revision 1084391'; Using compiler version '192528614'; Build Type 'Release'
OS: 'Windows 10 Enterprise; OS build 18363.1256; Version 1909; 64bit' Language: 'en' Physical Memory: 16326 MB
BatchMode: 1, IsHumanControllingUs: 0, StartBugReporterOnCrash: 0, Is64bit: 1, IsPro: 0

 COMMAND LINE ARGUMENTS:
C:\Program Files\Unity\Hub\Editor\2020.3.9f1\Editor\Unity.exe
-adb2
-batchMode
-noUpm
-name
AssetImportWorker0
-projectPath
C:/Users/Josip/Desktop/Unity_Apps_Old/SpaceInvaders
-logFile
Logs/AssetImportWorker0.log
-srvPort
59819
Successfully changed project path to: C:/Users/Josip/Desktop/Unity_Apps_Old/SpaceInvaders
C:/Users/Josip/Desktop/Unity_Apps_Old/SpaceInvaders
Using Asset Import Pipeline V2.
Refreshing native plugins compatible for Editor in 47.78 ms, found 0 plugins.
Preloading 0 native plugins for Editor in 0.00 ms.
Initialize engine version: 2020.3.9f1 (108be757e447)
[Subsystems] Discovering subsystems at path C:/Program Files/Unity/Hub/Editor/2020.3.9f1/Editor/Data/Resources/UnitySubsystems
[Subsystems] Discovering subsystems at path C:/Users/Josip/Desktop/Unity_Apps_Old/SpaceInvaders/Assets
GfxDevice: creating device client; threaded=0
Direct3D:
    Version:  Direct3D 11.0 [level 11.1]
    Renderer: NVIDIA GeForce GTX 1060 6GB (ID=0x1c03)
    Vendor:   
    VRAM:     6052 MB
    Driver:   26.21.14.3200
Initialize mono
Mono path[0] = 'C:/Program Files/Unity/Hub/Editor/2020.3.9f1/Editor/Data/Managed'
Mono path[1] = 'C:/Program Files/Unity/Hub/Editor/2020.3.9f1/Editor/Data/MonoBleedingEdge/lib/mono/unityjit'
Mono config path = 'C:/Program Files/Unity/Hub/Editor/2020.3.9f1/Editor/Data/MonoBleedingEdge/etc'
Using monoOptions --debugger-agent=transport=dt_socket,embedding=1,server=y,suspend=n,address=127.0.0.1:56476
Begin MonoManager ReloadAssembly
Registering precompiled unity dll's ...
Register platform support module: C:/Program Files/Unity/Hub/Editor/2020.3.9f1/Editor/Data/PlaybackEngines/WebGLSupport/UnityEditor.WebGL.Extensions.dll
Register platform support module: C:/Program Files/Unity/Hub/Editor/2020.3.9f1/Editor/Data/PlaybackEngines/WindowsStandaloneSupport/UnityEditor.WindowsStandalone.Extensions.dll
Register platform support module: C:/Program Files/Unity/Hub/Editor/2020.3.9f1/Editor/Data/PlaybackEngines/LinuxStandaloneSupport/UnityEditor.LinuxStandalone.Extensions.dll
Registered in 0.002981 seconds.
Native extension for LinuxStandalone target not found
Native extension for WindowsStandalone target not found
Native extension for WebGL target not found
Refreshing native plugins compatible for Editor in 37.82 ms, found 0 plugins.
Preloading 0 native plugins for Editor in 0.00 ms.
Mono: successfully reloaded assembly
- Completed reload, in  1.748 seconds
Platform modules already initialized, skipping
Registering precompiled user dll's ...
Registered in 0.002199 seconds.
Begin MonoManager ReloadAssembly
Native extension for LinuxStandalone target not found
Native extension for WindowsStandalone target not found
Native extension for WebGL target not found
Refreshing native plugins compatible for Editor in 0.56 ms, found 0 plugins.
Preloading 0 native plugins for Editor in 0.00 ms.
Mono: successfully reloaded assembly
- Completed reload, in  0.808 seconds
Platform modules already initialized, skipping
========================================================================
Worker process is ready to serve import requests
Launched and connected shader compiler UnityShaderCompiler.exe after 0.05 seconds
Refreshing native plugins compatible for Editor in 0.46 ms, found 0 plugins.
Preloading 0 native plugins for Editor in 0.00 ms.
Unloading 1660 Unused Serialized files (Serialized files now loaded: 0)
System memory in use before: 72.1 MB.
System memory in use after: 72.2 MB.

Unloading 49 unused Assets to reduce memory usage. Loaded Objects now: 2072.
Total: 4.881600 ms (FindLiveObjects: 0.168200 ms CreateObjectMapping: 0.046000 ms MarkObjects: 4.597500 ms  DeleteObjects: 0.068800 ms)

========================================================================
Received Import Request.
  path: Assets/MainAssets
  artifactKey: Guid(d90be9fada55aaf43a5153ef597eb528) Importer(815301076,1909f56bfc062723c751e8b465ee728b)
Start importing Assets/MainAssets using Guid(d90be9fada55aaf43a5153ef597eb528) Importer(815301076,1909f56bfc062723c751e8b465ee728b)  -> (artifact id: 'bd119aaeba399601a9a3195492a5cbdc') in 0.004662 seconds
  Import took 0.008460 seconds .

========================================================================
Received Import Request.
  Time since last request: 0.000373 seconds.
  path: Assets/Skripte
  artifactKey: Guid(07513e9cdeb375b45a809e37c2655059) Importer(815301076,1909f56bfc062723c751e8b465ee728b)
Start importing Assets/Skripte using Guid(07513e9cdeb375b45a809e37c2655059) Importer(815301076,1909f56bfc062723c751e8b465ee728b)  -> (artifact id: 'f51d42710b4fdfaf2b33096d436ce261') in 0.001871 seconds
  Import took 0.004989 seconds .

========================================================================
Received Import Request.
  Time since last request: 2.469053 seconds.
  path: Assets/Scripts
  artifactKey: Guid(07513e9cdeb375b45a809e37c2655059) Importer(815301076,1909f56bfc062723c751e8b465ee728b)
Start importing Assets/Scripts using Guid(07513e9cdeb375b45a809e37c2655059) Importer(815301076,1909f56bfc062723c751e8b465ee728b)  -> (artifact id: '08746ef6e3f77c57d02ea67567aa7d38') in 0.001957 seconds
  Import took 0.005789 seconds .

========================================================================
Received Prepare
Registering precompiled user dll's ...
Registered in 0.002224 seconds.
Begin MonoManager ReloadAssembly
Native extension for LinuxStandalone target not found
Native extension for WindowsStandalone target not found
Native extension for WebGL target not found
Refreshing native plugins compatible for Editor in 0.49 ms, found 0 plugins.
Preloading 0 native plugins for Editor in 0.00 ms.
Mono: successfully reloaded assembly
- Completed reload, in  0.756 seconds
Platform modules already initialized, skipping
Switching build target platform(19) subTarget(0) extendedPlatform(0) -> platform(13) subTarget(537395200) extendedPlatform(0)
Refreshing native plugins compatible for Editor in 0.48 ms, found 0 plugins.
Preloading 0 native plugins for Editor in 0.00 ms.
Unloading 1657 Unused Serialized files (Serialized files now loaded: 0)
System memory in use before: 72.0 MB.
System memory in use after: 72.1 MB.

Unloading 40 unused Assets to reduce memory usage. Loaded Objects now: 2075.
Total: 4.374500 ms (FindLiveObjects: 0.168600 ms CreateObjectMapping: 0.062900 ms MarkObjects: 4.122300 ms  DeleteObjects: 0.019400 ms)

AssetImportParameters requested are different than current active one (requested -> active):
  custom:graphics/normal-map-encoding: 01000000000000000000000000000000 -> 02000000000000000000000000000000
========================================================================
Received Import Request.
  Time since last request: 8.336181 seconds.
  path: Assets/Scenes/StartingScene.unity
  artifactKey: Guid(0c00202bd362601408d5845add257e94) Importer(815301076,1909f56bfc062723c751e8b465ee728b)
Start importing Assets/Scenes/StartingScene.unity using Guid(0c00202bd362601408d5845add257e94) Importer(815301076,1909f56bfc062723c751e8b465ee728b)  -> (artifact id: '67d5e4f876b7c495de928a5f08b7529b') in 0.011202 seconds
  Import took 0.014705 seconds .

AssetImportWorkerClient::OnTransportError - code=2 error=End of file
